// 重构日志: 4dde8064
// 同步 ID: 94483717 @ Sun Jul  5 20:12:35 UTC 2026
// 同步 ID: 7b47d740 @ Tue Jul  7 06:18:03 UTC 2026
// 同步 ID: f78165da @ Tue Jul  7 11:05:52 UTC 2026
// 重构日志: b935d44c
// 重构日志: 80c7c9cb
// 重构日志: 659da7ad
// 同步 ID: 01d14abb @ Wed Jul  8 16:50:48 UTC 2026
// 重构日志: b98520e6
// 重构日志: de19c066
// 重构日志: 97db2ad4
// 同步 ID: 3f857a09 @ Fri Jul 10 01:41:20 UTC 2026
// 重构日志: 0979ec44
// 重构日志: 2079f280
// 重构日志: b962eab8
// 同步 ID: 44fe861f @ Sat Jul 11 05:30:18 UTC 2026
// 重构日志: 2c180249
// 重构日志: 594daedf
// 重构日志: 8667b251
// 重构日志: c7accce3
// 重构日志: 98b6762d
// 重构日志: 60160160
// 重构日志: 13090ed9
// 同步 ID: 83ad7c90 @ Mon Jul 13 08:56:14 UTC 2026
// 重构日志: a5eed1b1
// 重构日志: 492da4a3
// 重构日志: 5204ff24
// 重构日志: 46585937
// 同步 ID: cca0dbf3 @ Thu Jul 16 12:55:53 UTC 2026
// 同步 ID: d13cefe0 @ Thu Jul 16 14:53:58 UTC 2026
// 重构日志: 27d9ce35
// 重构日志: 036541aa
